www.baidu.com	dsfjhsdofkeruj334648345	2014-01-07 12:40:49
www.baidu.com	sdsjfhsdjfh34234lmfl9872j;	2015-01-07 08:40:53
www.baidu.com	sdfhdsyeahshaebsy13766heuh7	2015-01-07 08:40:53
www.cainiaowo.com	dskjfiouvdsnfu78234jkds98	2012-01-07 11:40:49
www.baidu.com	dskjfiouvdsnfu78234jkds98	2012-01-07 11:40:49
www.baidu.com	dsfjhsdofkeruj334648345	2018-01-07 08:40:50
www.qq.com	dskjfiouvdsnfu78234jkds98	2014-01-07 12:40:49
www.qq.com	sdsjfhsdjfh34234lmfl9872j;	2017-01-07 08:40:51
www.qq.com	sdsjfhsdjfh34234lmfl9872j;	2012-01-07 11:40:49
www.cainiaowo.com	dsfkldjsd37432487jkdhfdjf 	2015-01-07 08:40:53
www.cainiaowo.com	sdsjfhsdjfh34234lmfl9872j;	2017-01-07 08:40:51
www.qq.com	sdsjfhsdjfh34234lmfl9872j;	2014-01-07 12:40:49
www.baidu.com	dsfkldjsd37432487jkdhfdjf 	2013-01-07 10:40:49
www.qq.com	dsfjhsdofkeruj334648345	2012-01-07 11:40:49
www.qq.com	dsfkldjsd37432487jkdhfdjf 	2014-01-07 09:40:49
www.cainiaowo.com	dsfkldjsd37432487jkdhfdjf 	2017-01-07 08:40:51
www.baidu.com	dsfkldjsd37432487jkdhfdjf 	2013-01-07 10:40:49
www.cainiaowo.com	sdsjfhsdjfh34234lmfl9872j;	2014-01-07 09:40:49
www.baidu.com	sdfhdsyeahshaebsy13766heuh7	2012-01-07 11:40:49
www.qq.com	dsfkldjsd37432487jkdhfdjf 	2014-01-07 09:40:49
www.qq.com	dskjfiouvdsnfu78234jkds98	2013-01-07 10:40:49
www.cainiaowo.com	dsfjhsdofkeruj334648345	2016-01-07 08:40:52
www.qq.com	dsfkldjsd37432487jkdhfdjf 	2014-01-07 09:40:49
www.qq.com	sdsjfhsdjfh34234lmfl9872j;	2015-01-07 08:40:53
www.qq.com	dsfkldjsd37432487jkdhfdjf 	2014-01-07 09:40:49
www.qq.com	dskjfiouvdsnfu78234jkds98	2014-01-07 09:40:49
www.cainiaowo.com	sdsjfhsdjfh34234lmfl9872j;	2015-01-07 08:40:53
www.baidu.com	dsfkldjsd37432487jkdhfdjf 	2012-01-07 11:40:49
www.qq.com	dsfkldjsd37432487jkdhfdjf 	2018-01-07 08:40:50
www.baidu.com	dsfjhsdofkeruj334648345	2014-01-07 12:40:49
www.baidu.com	dskjfiouvdsnfu78234jkds98	2014-01-07 09:40:49
www.cainiaowo.com	dsfkldjsd37432487jkdhfdjf 	2015-01-07 08:40:53
www.baidu.com	sdfhdsyeahshaebsy13766heuh7	2012-01-07 11:40:49
www.baidu.com	sdsjfhsdjfh34234lmfl9872j;	2015-01-07 08:40:53
www.cainiaowo.com	dsfjhsdofkeruj334648345	2016-01-07 08:40:52
www.qq.com	dskjfiouvdsnfu78234jkds98	2013-01-07 10:40:49
www.qq.com	sdfhdsyeahshaebsy13766heuh7	2015-01-07 08:40:53
www.qq.com	sdfhdsyeahshaebsy13766heuh7	2012-01-07 11:40:49
www.baidu.com	dsfkldjsd37432487jkdhfdjf 	2012-01-07 11:40:49
www.cainiaowo.com	sdsjfhsdjfh34234lmfl9872j;	2017-01-07 08:40:51
www.qq.com	dskjfiouvdsnfu78234jkds98	2014-01-07 12:40:49
www.qq.com	dsfkldjsd37432487jkdhfdjf 	2014-01-07 09:40:49
www.qq.com	sdsjfhsdjfh34234lmfl9872j;	2016-01-07 08:40:52
www.baidu.com	dsfjhsdofkeruj334648345	2013-01-07 10:40:49
www.cainiaowo.com	sdfhdsyeahshaebsy13766heuh7	2015-01-07 08:40:53
www.qq.com	sdsjfhsdjfh34234lmfl9872j;	2014-01-07 12:40:49
www.baidu.com	sdfhdsyeahshaebsy13766heuh7	2012-01-07 11:40:49
www.cainiaowo.com	sdfhdsyeahshaebsy13766heuh7	2014-01-07 12:40:49
www.cainiaowo.com	dskjfiouvdsnfu78234jkds98	2012-01-07 11:40:49
www.qq.com	dskjfiouvdsnfu78234jkds98	2014-01-07 12:40:49
www.qq.com	dskjfiouvdsnfu78234jkds98	2014-01-07 12:40:49
www.qq.com	dskjfiouvdsnfu78234jkds98	2014-01-07 12:40:49
www.qq.com	dskjfiouvdsnfu78234jkds98	2014-01-07 12:40:49
www.qq.com	dskjfiouvdsnfu78234jkds98	2014-01-07 12:40:49
www.qq.com	dskjfiouvdsnfu78234jkds98	2014-01-07 12:40:49
www.qq.com	dskjfiouvdsnfu78234jkds98	2014-01-07 12:40:49
www.qq.com	dskjfiouvdsnfu78234jkds98	2014-01-07 12:40:49
www.qq.com	dskjfiouvdsnfu78234jkds98	2014-01-07 12:40:49
www.qq.com	dskjfiouvdsnfu78234jkds98	2014-01-07 12:40:49
www.qq.com	dskjfiouvdsnfu78234jkds98	2014-01-07 12:40:49
www.qq.com	dskjfiouvdsnfu78234jkds98	2014-01-07 12:40:49
www.qq.com	dskjfiouvdsnfu78234jkds98	2014-01-07 12:40:49
www.qq.com	dskjfiouvdsnfu78234jkds98	2014-01-07 12:40:49
www.qq.com	dskjfiouvdsnfu78234jkds98	2014-01-07 12:40:49
www.qq.com	dskjfiouvdsnfu78234jkds98	2014-01-07 12:40:49
www.qq.com	dskjfiouvdsnfu78234jkds98	2014-01-07 12:40:49
